5.629666476101468503e-02
5.466637216098434171e-02
5.368377643965779183e-02
5.273005792037954026e-02
5.181837186408613100e-02
5.097829978436881071e-02
5.019795890978327041e-02
4.946618128718393431e-02
4.877487025261730003e-02
4.811806987617778253e-02
4.749125262449378770e-02
4.689087645797448967e-02
4.631410383174631995e-02
4.575861645101601816e-02
4.522248871736370829e-02
4.470409856625782996e-02
4.420206296819952779e-02
4.371519019818550372e-02
4.324244380906844265e-02
4.278291496393567261e-02
4.233580086028406603e-02
4.190038767406564779e-02
4.147603691118971481e-02
4.106217436509811136e-02
4.065828109338764235e-02
4.026388597723223883e-02
3.987855953498585515e-02
3.950190873929646657e-02
3.913357264452889395e-02
3.877321867385559451e-02
3.842053944756310124e-02
3.807525005857710643e-02
3.773708571997309164e-02
3.740579972377097023e-02
3.708116166182166135e-02
3.676295586849362418e-02
3.645098005201680147e-02
3.614504408708946875e-02
3.584496894595394501e-02
3.555058574884256695e-02
3.526173491776412455e-02
3.497826542010275958e-02
3.470003409054775445e-02
3.442690502154292786e-02
3.415874901391017376e-02
3.389544308047321569e-02
3.363686999648371478e-02
3.338299443507131148e-02
3.313384335741414305e-02
3.288930799266351346e-02
3.264928405911092513e-02
3.241367145139116557e-02
3.218237396452194865e-02
3.195529904570337809e-02
3.173235756810304647e-02
3.151346362321498507e-02
3.129853432963382309e-02
3.108748965649330356e-02
3.088025226016695088e-02
3.067674733296096856e-02
3.047690246275450154e-02
3.028064750258898860e-02
3.008791444932763445e-02
2.989863733063748488e-02
2.971275209956148258e-02
2.953019653604694802e-02
2.935091015489588520e-02
2.917483411954909997e-02
2.900191116131066449e-02
2.883208550352379593e-02
2.866530279035208253e-02
2.850151001979107229e-02
2.834065548059268649e-02
2.818268869281454272e-02
2.802756035172302568e-02
2.787522227480732431e-02
2.772562735166648681e-02
2.757872949658474182e-02
2.743448360359812543e-02
2.729284550386287117e-02
2.715377192519304386e-02
2.701722045360444371e-02
2.688314949672546139e-02
2.675151824897069319e-02
2.662228665833545754e-02
2.649541539472265519e-02
2.637086581970776722e-02
2.624871450048761948e-02
2.612896563286412274e-02
2.601157659680956163e-02
2.589650544477660465e-02
2.578371087295060204e-02
2.567315219857022046e-02
2.556478933964059785e-02
2.545858279590574105e-02
2.535449363077391105e-02
2.525248345414906823e-02
2.515251440604322070e-02
2.505454914099778871e-02
2.495855081321625771e-02
2.486448306243023085e-02
2.477231000039686881e-02
2.468199619807506101e-02
2.459350667337798640e-02
2.450680687953027403e-02
2.442186269400233034e-02
2.433864040794844405e-02
2.425710671619459718e-02
2.417722870773230878e-02
2.409897385668525668e-02
2.402231001375912042e-02
2.394720539815649307e-02
2.387362858992813155e-02
2.380154852276896923e-02
2.373093447725679872e-02
2.366175607447893250e-02
2.359398327010490265e-02
2.352758634885277270e-02
2.346253591934606073e-02
2.339880290938398458e-02
2.333635856158861391e-02
2.327517442944922188e-02
2.321522237374708253e-02
2.315651756067154884e-02
2.309909357438015565e-02
2.304291850112886314e-02
2.298796088663232484e-02
2.293418973605136288e-02
2.288157451737843351e-02
2.283008516221889800e-02
2.277969206693790730e-02
2.273036609389108079e-02
2.268207857273244962e-02
2.263480130179501906e-02
2.258850654952410802e-02
2.254316705594159795e-02
2.249875603413264286e-02
2.245524717173548457e-02
2.241261463240800181e-02
2.237083305727845250e-02
2.232987756633476178e-02
2.228972375975353526e-02
2.225034771914921952e-02
2.221172600872096253e-02
2.217383567628487470e-02
2.213665425416633595e-02
2.210015975995526655e-02
2.206433069707586930e-02
2.202914605518947744e-02
2.199458531039019671e-02
2.196062842517283731e-02
2.192725584819462878e-02
2.189444851375755077e-02
2.186218784105520979e-02
2.183045573313115162e-02
2.179923457555009783e-02
2.176850723476684429e-02
2.173825705618297535e-02
2.170846786188144334e-02
2.167912394802579135e-02
2.165021008192143104e-02
2.162171149872128828e-02
2.159361389778620410e-02
2.156590343868690363e-02
2.153859602059994549e-02
2.151170573655935073e-02
2.148521839901849570e-02
2.145912036658079516e-02
2.143339853579582371e-02
2.140804032999611001e-02
2.138303368539629101e-02
2.135836703839006853e-02
2.133402931172689865e-02
2.131000990105463497e-02
2.128629866094525896e-02
2.126288589103263182e-02
2.123976232191466043e-02
2.121691910110605483e-02
2.119434777889907945e-02
2.117204029430691872e-02
2.114998896100541217e-02
2.112818645339055446e-02
2.110662579272634676e-02
2.108530033344381202e-02
2.106420374960963487e-02
2.104333002156620613e-02
2.102267342281353979e-02
2.100222850711237418e-02
2.098199009584725966e-02
2.096195326566411068e-02
2.094211333640862843e-02
2.092246585935666689e-02
2.090300660577459890e-02
2.088373155580689963e-02
2.086463688769552016e-02
2.084571896736234567e-02
2.082697433832616032e-02
2.080839971198918115e-02
2.078999195827395743e-02
2.077174809663264593e-02
2.075366528739772121e-02
2.073574082351684403e-02
2.071797212261860047e-02
2.070035671945788178e-02
2.068289225868113687e-02
2.066557648796416014e-02
2.064840725145859410e-02
2.063138248359109445e-02
2.061450020316484000e-02
2.059775850779014053e-02
2.058115556860647122e-02
2.056468962531036657e-02
2.054835898146117196e-02
2.053216200006239417e-02
2.051609709941421347e-02
2.050016274921656265e-02
2.048435746691027945e-02
2.046867981427924477e-02
2.045312839423498938e-02
2.043770184785447669e-02
2.042239885159058410e-02
2.040721811471261915e-02
2.039215837687139571e-02
2.037721840592216296e-02
2.036239699581433860e-02
2.034769296474045822e-02
2.033310918514032867e-02
2.031866961513762587e-02
2.030437264883942772e-02
2.029021669953601920e-02
2.027620019452866171e-02
2.026232158331768562e-02
2.024857932488162079e-02
2.023497190192058773e-02
2.022149780075518932e-02
2.020815553577049242e-02
2.019494361626799142e-02
2.018186058865661936e-02
2.016890497997198689e-02
2.015607537172123265e-02
2.014337030100114140e-02
2.013078839210114684e-02
2.011832817916762994e-02
2.010598834543774957e-02
2.009376739800903047e-02
2.008166411174280852e-02
2.006967691976357937e-02
2.005780475448644060e-02
2.004604588088955419e-02
2.003439952354944473e-02
2.002286358588053691e-02
2.001143786420523513e-02
2.000011949502069133e-02
1.998890943798654202e-02
1.997780319649006264e-02
1.996680416978938860e-02
1.995590434119069376e-02
1.994511235725702006e-02
1.993441249045668079e-02
1.992382493548552208e-02
1.991331676660996683e-02
1.990293415673420954e-02
1.989260509999098842e-02
1.988243550253183251e-02
1.987226296349467805e-02
1.986233387352805135e-02
1.985227399899303427e-02
1.984266748593997015e-02
1.983264790307745842e-02
1.982360513246296529e-02
1.981373429237751754e-02
1.980588272314358703e-02
1.979887645566220586e-02
1.979124067101929729e-02
1.978551035109306355e-02
1.977738943757440665e-02
1.977145780435685118e-02
1.976354572959080139e-02
1.975777330480320976e-02
1.974998602472795295e-02
1.974433065076991456e-02
1.973667474916431658e-02
1.973113598037757113e-02
1.972360876673132785e-02
1.971818179448502073e-02
1.971078170710469438e-02
1.970546227944616757e-02
1.969818775394472504e-02
1.969296861312554506e-02
1.968582054964735858e-02
1.968069244166854859e-02
1.967367404237743700e-02
1.966863523675234718e-02
1.966174459703848298e-02
1.965679100226776221e-02
1.965002680947061306e-02
1.964515464233686920e-02
1.963851561714607258e-02
1.963372113891373796e-02
1.962720608654159107e-02
1.962248562784030953e-02
1.961609342868577549e-02
1.961144338545209309e-02
1.960516761425592711e-02
1.960059138213735008e-02
1.959443583777760456e-02
1.958992265107327782e-02
1.958388710387703319e-02
1.957944241745329314e-02
1.957351955865439114e-02
1.956912929874582777e-02
1.956332522453416156e-02
1.955898847518885639e-02
1.955330190735977622e-02
1.954901515249408278e-02
1.954344547280780289e-02
1.953920557202678057e-02
1.953375213973950961e-02
1.952955597136752167e-02
1.952421820248287365e-02
1.952006270598069526e-02
1.951484006073009661e-02
1.951072223053490831e-02
1.950561421225062084e-02
1.950153109763121465e-02
1.949653725030530901e-02
1.949248595447571064e-02
1.948760586062394523e-02
1.948358353995903805e-02
1.947881681855358552e-02
1.947482068179517967e-02
1.947016698629737419e-02
1.946619429377613453e-02
1.946165331027579007e-02
1.945770137310707040e-02
1.945327281855169579e-02
1.944933899785829604e-02
1.944502261836512230e-02
1.944110432447410802e-02
1.943689989374737179e-02
1.943299458539786417e-02
1.942890190321142768e-02
1.942500708674889040e-02
1.942102597752313337e-02
1.941713920609914462e-02
1.941326951754896932e-02
1.940938839029662452e-02
1.940562999215364806e-02
1.940175215339058623e-02
1.939810493619441994e-02
1.939422807459699818e-02
1.939069194855557246e-02
1.938681379633658622e-02
1.938338869025361261e-02
1.937950702234443601e-02
1.937619288259521608e-02
1.937230551582132948e-02
1.936910230539784505e-02
1.936520709766252277e-02
1.936211479525768581e-02
1.935820964471953592e-02
1.935522824387552257e-02
1.935131108813131079e-02
1.934844059642421010e-02
1.934450941170708094e-02
1.934174984997297231e-02
1.933780265034040768e-02
1.933515405195573161e-02
1.933118888849780920e-02
1.932865129867358117e-02
1.932466625872591298e-02
1.932223973386103244e-02
1.931823294022902426e-02
1.931591754727369353e-02
1.931188715746986334e-02
1.930968297332832581e-02
1.930562717882483917e-02
1.930353428978266034e-02
1.929945131527462110e-02
1.929746981644746978e-02
1.929335791913693726e-02
1.929148791393808446e-02
1.928734538282954325e-02
1.928558698246665357e-02
1.928141213768994403e-02
1.927976546066027461e-02
1.927555665280389352e-02
1.927402182442439910e-02
1.926977743389649000e-02
1.926835458583471897e-02
1.926407302224029602e-02
1.926276229205556995e-02
1.925844199359557848e-02
1.925724352429997871e-02
1.925288295720253492e-02
1.925179689682072690e-02
1.924739455477515737e-02
1.924642105591645169e-02
1.924197545955511762e-02
1.924111467899099898e-02
1.923662437537589087e-02
1.923587647362190803e-02
1.923134003576254525e-02
1.923070517666546075e-02
1.922612120306077879e-02
1.922559955338964607e-02
1.922096666759629674e-02
1.922053595140177720e-02
1.921588979829189775e-02
1.921548233598038835e-02
1.921091146453424853e-02
1.921044974396178551e-02
1.920602736517963358e-02
1.920545339420865263e-02
1.920122934551711166e-02
1.920050312372104800e-02
1.919651106129988127e-02
1.919560503732823178e-02
1.919186736479803687e-02
1.919076266785189888e-02
1.918729395149170944e-02
1.918597778927550596e-02
1.918278714054071424e-02
1.918125098394866598e-02
1.917834372819638214e-02
1.917658203645184259e-02
1.917396088406338184e-02
1.917197020585674483e-02
1.916963607452136509e-02
1.916741441305000460e-02
1.916536700467896467e-02
1.916291336889817259e-02
1.916115157360962287e-02
1.915846566135731219e-02
1.915698783953023732e-02
1.915406981415849336e-02
1.915286188466264541e-02
1.914973516307544657e-02
1.914877385166870519e-02
1.914545866677814720e-02
1.914472665218783926e-02
1.914123534627269058e-02
1.914072169275795807e-02
1.913706181143406612e-02
1.913675943716562633e-02
1.913293562723707153e-02
1.913283977322399049e-02
1.912885493489303868e-02
1.912896224426710937e-02
1.912482259285169794e-02
1.912512529555531957e-02
1.912082879028648152e-02
1.912132933546604671e-02
1.911687634510127187e-02
1.911756573754154476e-02
1.911296402781139867e-02
1.911384883319378405e-02
1.910909115415168613e-02
1.911017013479889698e-02
1.910525678316730286e-02
1.910652876433999517e-02
1.910146000230981272e-02
1.910292385959985045e-02
1.909769992321701595e-02
1.909935457496012012e-02
1.909397567950292529e-02
1.909582008156161803e-02
1.909028642510464044e-02
1.909231825036330349e-02
1.908663230238711803e-02
1.908883226579052850e-02
1.908302430728431309e-02
1.908537214980623314e-02
1.907945585338011868e-02
1.908194221561883286e-02
1.907592361852977064e-02
1.907854409052352901e-02
1.907242576694194100e-02
1.907517817150289341e-02
1.906896113679809948e-02
1.907184430094174127e-02
1.906552887312606276e-02
1.906854207605366072e-02
1.906212826303897712e-02
1.906527098932699754e-02
1.905875866214877881e-02
1.906203049177011832e-02
1.905541946178324758e-02
1.905882002117254351e-02
1.905211007436381776e-02
1.905563901459124757e-02
1.904882992020863128e-02
1.905248691765907415e-02
1.904557637018542901e-02
1.904936439214409416e-02
1.904234993866176645e-02
1.904626987994192944e-02
1.903915053676394006e-02
1.904320241533894245e-02
1.903597782326102439e-02
1.904016129398398288e-02
1.903283135457891490e-02
1.903714592868070016e-02
1.902971064881169364e-02
1.903415578680484402e-02
1.902661521277640780e-02
1.903119036325160926e-02
1.902354455328550756e-02
1.902824916876824646e-02
1.902049818173995321e-02
1.902533172487734514e-02
1.901747561589714822e-02
1.902243756163270183e-02
1.901447638048565925e-02
1.901956621657616142e-02
1.901150000731447257e-02
1.901671723419394097e-02
1.900854603520712310e-02
1.901387121677567543e-02
1.900562499139157521e-02
1.901104097109664395e-02
1.900273196865772535e-02
1.900823291940476750e-02
1.899986398437525717e-02
1.900544837452199792e-02
1.899701999518299197e-02
1.900268736081792489e-02
1.899419944623123233e-02
1.899994958773020687e-02
1.899140190753836541e-02
1.899723469243439281e-02
1.898862698426925094e-02
1.899454229946642703e-02
1.898587429483740777e-02
1.899187203513961683e-02
1.898314346558541491e-02
1.898922353094173801e-02
1.898043412945666850e-02
1.898659642428070921e-02
1.897774592562852941e-02
1.898399035860496437e-02
1.897507849936866733e-02
1.898140498337634596e-02
1.897243150193900565e-02
1.897883995401089888e-02
1.896980459052699866e-02
1.897629493181336724e-02
1.896719742816446383e-02
1.897376958391071289e-02
1.896460968366293215e-02
1.897126358318779876e-02
1.896204103154410653e-02
1.896877660822168452e-02
1.895949115196779444e-02
1.896630834322247244e-02
1.895695973067177548e-02
1.896385847796126442e-02
1.895444645889970969e-02
1.896142670771567770e-02
1.895195103333578712e-02
1.895901273320674610e-02
1.894947315604431082e-02
1.895661626053250434e-02
1.894701253440018995e-02
1.895423700110817483e-02
1.894456888102550793e-02
1.895187467160289879e-02
1.894214191372242673e-02
1.894952899387578743e-02
1.893973135541267283e-02
1.894719969491362802e-02
1.893733693406672233e-02
1.894488650676497479e-02
1.893495838263957801e-02
1.894258916647287988e-02
1.893259543900326775e-02
1.894030741601126361e-02
1.893024784588033527e-02
1.893804100221413780e-02
1.892791535076878556e-02
1.893578967670699054e-02
1.892559770588204265e-02
1.893355319583509347e-02
1.892329466806308078e-02
1.893133132058780199e-02
1.892100599872397967e-02
1.892910955756989255e-02
1.891873780951552897e-02
1.892689244957474620e-02
1.891649050978052790e-02
1.892469340106821621e-02
1.891426010556421927e-02
1.892251152894424554e-02
1.891204655342727109e-02
1.892034664521710652e-02
1.890984962364999911e-02
1.891819853044869257e-02
1.890766910206050089e-02
1.891606697273368401e-02
1.890550477913193264e-02
1.891395176531126404e-02
1.890335645048675517e-02
1.891185270657911796e-02
1.890122391674402963e-02
1.890976959995645246e-02
1.889910698339648115e-02
1.890770225375700692e-02
1.889700546070078105e-02
1.890565048105388377e-02
1.889491916354231124e-02
1.890361409955886723e-02
1.889284791132598770e-02
1.890159293147710903e-02
1.889079152784250634e-02
1.889958680338447994e-02
1.888874984115091610e-02
1.889759554609105746e-02
1.888672268344910102e-02
1.889561899450196286e-02
1.888470989094813771e-02
1.889365698748997346e-02
1.888271130374069226e-02
1.889170936775162735e-02
1.888072676567989841e-02
1.888977598167010385e-02
1.887875612424371255e-02
1.888785667918742306e-02
1.887679923040359170e-02
1.888595131365519361e-02
1.887485593850340981e-02
1.888405974170090373e-02
1.887292610611317895e-02
1.888218182309281401e-02
1.887100959391366586e-02
1.888031742059322060e-02
1.886910626555027976e-02
1.887846639982833016e-02
1.886721598751095810e-02
1.887662862914115183e-02
1.886533862898334343e-02
1.887480397946062968e-02
1.886347406173803296e-02
1.887299232415615494e-02
1.886162215997965602e-02
1.887119353890411369e-02
1.885978280022513470e-02
1.886940750154974394e-02
1.885795586116765718e-02
1.886763409196670627e-02
1.885614122354448141e-02
1.886587319192434276e-02
1.885433877000823599e-02
1.886412468494621381e-02
1.885254838499601099e-02
1.886238845618371657e-02
1.885076995459310928e-02
1.886066439226709648e-02
1.884900336641241042e-02
1.885893263852831889e-02
1.884725543795765651e-02
1.885721433320363544e-02
1.884552253297369639e-02
1.885551163947866288e-02
1.884380400828139165e-02
1.885382343743245009e-02
1.884209994717968989e-02
1.885215001878994684e-02
1.884041012344351423e-02
1.885049106074117298e-02
1.883873444798960656e-02
1.884884651482147608e-02
1.883707277357022161e-02
1.884721621165877381e-02
1.883542498097895423e-02
1.884560003871057696e-02
1.883379094023987163e-02
1.884399785902539717e-02
1.883217052804375333e-02
1.884240954858183367e-02
1.883056361954756758e-02
1.884083497863857370e-02
1.882897009203002292e-02
1.883927402393375042e-02
1.882738982300345004e-02
1.883772655857379741e-02
1.882582269094606325e-02
1.883619245787398686e-02
1.882426857479817250e-02
1.883467159729608140e-02
1.882272735405263187e-02
1.883316385282553934e-02
1.882119890856842614e-02
1.883166910062927454e-02
1.881968311851832387e-02
1.883018721709472237e-02
1.881817986427327533e-02
1.882871807867143518e-02
1.881668902633097662e-02
1.882726156181254232e-02
1.881521048521861764e-02
1.882581754287596804e-02
1.881374412141487845e-02
1.882438589805050452e-02
1.881228981526764793e-02
1.882296650327655932e-02
1.881084744691683547e-02
1.882155923415462784e-02
1.880941689621193347e-02
1.882016396588569521e-02
1.880799804264298575e-02
1.881878057318596420e-02
1.880659076526014495e-02
1.881740893021633873e-02
1.880519494260997349e-02
1.881604891051145631e-02
1.880381045265401216e-02
1.881470038690253796e-02
1.880243717270552867e-02
1.881336323145446632e-02
1.880107497935717964e-02
1.881203731539297583e-02
1.879972374841063290e-02
1.881072250902786347e-02
1.879838335481313558e-02
1.880941868169631881e-02
1.879705367257817825e-02
1.880812570168168690e-02
1.879573457473017462e-02
1.880684343614626164e-02
1.879442593322231195e-02
1.880557175106205639e-02
1.879312761887508981e-02
1.880431051113885810e-02
1.879183950130203923e-02
1.880305957974781270e-02
1.879056144883992779e-02
1.880181881884543382e-02
1.878929332847454475e-02
1.880058808890838415e-02
1.878803500576321089e-02
1.879936724884200688e-02
1.878678634476615636e-02
1.879815615590417835e-02
1.878554720796372229e-02
1.879695466562986486e-02
1.878431745617130388e-02
1.879576263173467557e-02
1.878309693127112184e-02
1.879457983955194061e-02
1.878188526119809604e-02
1.879337402073113714e-02
1.878069079876006769e-02
1.879221053680351500e-02
1.877950223105663216e-02
1.879102658331940554e-02
1.877833031018603591e-02
1.878988688601908666e-02
1.877716356741432335e-02
1.878872337124452493e-02
1.877601357786713027e-02
1.878760746930727490e-02
1.877486780828675067e-02
1.878646275674532296e-02
1.877373916748480837e-02
1.878537091547596849e-02
1.877261347414085901e-02
1.878424303197841552e-02
1.877150564666587793e-02
1.878317593253807719e-02
1.877039906129181895e-02
1.878206236497034429e-02
1.876931158966713836e-02
1.878102136030123173e-02
1.876822303186604854e-02
1.877991872416301736e-02
1.876715558694112482e-02
1.877890626398205642e-02
1.876608379778183650e-02
1.877780974591699431e-02
1.876503626355029500e-02
1.877683010230782323e-02
1.876397969402196844e-02
1.877573249551109033e-02
1.876295231414922340e-02
1.877479303419345852e-02
1.876190893253022393e-02
1.877368302370403461e-02
1.876090257015707377e-02
1.877279648793470437e-02
1.875986952078885842e-02
1.877165551901954429e-02
1.875888613202208316e-02
1.877084423512556319e-02
1.875785911642932624e-02
1.876964063425011139e-02
1.875690263993214091e-02
1.876894443973550763e-02
1.875587477053335464e-02
1.876762206470458660e-02
1.875495285851189187e-02
1.876694837467805105e-02
1.875394860419730622e-02
1.876581808785227068e-02
1.875301148333934770e-02
1.876510009758780573e-02
1.875201848046145064e-02
1.876385379884098342e-02
1.875111313042153102e-02
1.876317916253844933e-02
1.875013707743986707e-02
1.876206561037533846e-02
1.874922434018289064e-02
1.876138383691738562e-02
1.874825382339670790e-02
1.876013651711803953e-02
1.874737305365792306e-02
1.875946242611368359e-02
1.874642673081769809e-02
1.875846563743514134e-02
1.874551964658088127e-02
1.875768424722914010e-02
1.874458652284039656e-02
1.875660681431447901e-02
1.874370117159132598e-02
1.875591975663580893e-02
1.874276748349169505e-02
1.875477356146327754e-02
1.874190081977074318e-02
1.875408849097663297e-02
1.874098361103349736e-02
1.875309615566109894e-02
1.874010281199024741e-02
1.875237388130156224e-02
1.873918816115968666e-02
1.875125062522043501e-02
1.873833236113679745e-02
1.875055697427947116e-02
1.873743246259918296e-02
1.874962005280151472e-02
1.873655660792404934e-02
1.874884576907918932e-02
1.873566141669102958e-02
1.874782078584660838e-02
1.873480206819946176e-02
1.874710970100338520e-02
1.873390866747211281e-02
1.874609240175690444e-02
1.873305169306513362e-02
1.874537424092996563e-02
1.873216319360361190e-02
1.874437877580066580e-02
1.873130566072472164e-02
1.874365156481148584e-02
1.873041964870136855e-02
1.874265055719511255e-02
1.872956403511508161e-02
1.874191564549032574e-02
1.872868177659151728e-02
1.874095284542734441e-02
1.872782146530206290e-02
1.874020571057982698e-02
1.872693777348467814e-02
1.873920099353390545e-02
1.872608170272732631e-02
1.873844777112524881e-02
1.872520292687706450e-02
1.873747111485370848e-02
1.872434617537419715e-02
1.873670906215993415e-02
1.872346892626135934e-02
1.873570557164615930e-02
1.872261775050426333e-02
1.873493963933589579e-02
1.872174679074027973e-02
1.873402291387386495e-02
1.872088602853803560e-02
1.873323709104399853e-02
1.872000950241525796e-02
1.873183418828051894e-02
1.871923565690541968e-02
1.873110976666340910e-02
1.871842597647550843e-02
1.873037192770759737e-02
1.871760608161085471e-02
1.872962003223960920e-02
1.871677578936879749e-02
1.872885391405328809e-02
1.871593494076873379e-02
1.872778341303136390e-02
1.871513949400470736e-02
1.872703307078602344e-02
1.871432193101699171e-02
1.872627032757390869e-02
1.871349508384611768e-02
1.872514681310990040e-02
1.871272788341036414e-02
1.872441044647639788e-02
1.871193371361291533e-02
1.872366361947452873e-02
1.871113173073189750e-02
1.872290613380397581e-02
1.871032194147495553e-02
1.872179561416693200e-02
1.870957372713034222e-02
1.872106636534552615e-02
1.870879696390454969e-02
1.872032846576309612e-02
1.870801371287829709e-02
1.871958178632633640e-02
1.870722402879077678e-02
1.871882647154425247e-02
1.870642798113159727e-02
1.871750780189059687e-02
1.870574312515393967e-02
1.871681056190303838e-02
1.870500764818748551e-02
1.871610725411973833e-02
1.870426745211214298e-02
1.871539761202908186e-02
1.870352261041361916e-02
1.871468179196340148e-02
1.870277320521412587e-02
1.871395996240351675e-02
1.870201932675600448e-02
1.871323230301403379e-02
1.870126107289230705e-02
1.871249900363413168e-02
1.870049854854650626e-02
1.871176026325428732e-02
1.869973186512662033e-02
1.871073144675400660e-02
1.869902181623400370e-02
1.871002059428452519e-02
1.869828409925930468e-02
1.870930562750677123e-02
1.869754302037375179e-02
1.870858652169959599e-02
1.869679868758446911e-02
1.870786346784163515e-02
1.869605121235327211e-02
1.870713666056696492e-02
1.869530070902717528e-02
1.870622326270910199e-02
1.869458640844592207e-02
1.870551380011212933e-02
1.869385366787632355e-02
1.870480151471555497e-02
1.869311845400229224e-02
1.870408645048862381e-02
1.869238087587894379e-02
1.870336878766626007e-02
1.869164104341955110e-02
1.870238792010445184e-02
1.869095550595932867e-02
1.870169912464861653e-02
1.869024397665309395e-02
1.870100864746866362e-02
1.868953073993106020e-02
1.870031644719134453e-02
1.868881589283289887e-02
1.869962267502063222e-02
1.868809953219159950e-02
1.869892748049890516e-02
1.868738175432831106e-02
1.869823101101441773e-02
1.868666265479278915e-02
1.869747733876248388e-02
1.868595421856367525e-02
1.869678602778396259e-02
1.868523984299994001e-02
1.869599879725812250e-02
1.868454466936092864e-02
1.869531820282563719e-02
1.868384026668425818e-02
1.869463714046123298e-02
1.868313508675161633e-02
1.869391714485677328e-02
1.868243731338066829e-02
1.869324030219850219e-02
1.868173566350928710e-02
1.869237273070763899e-02
1.868107257997905779e-02
1.869172524865155699e-02
1.868039248122106352e-02
1.869107132336991772e-02
1.867971616650254338e-02
1.869041715436758205e-02
1.867903535172592971e-02
1.868976324550586723e-02
1.867835442309338095e-02
1.868910968488212559e-02
1.867767344981666536e-02
1.868841485084081488e-02
1.867699971789642255e-02
1.868776666017448601e-02
1.867632320866478152e-02
1.868694390823068957e-02
1.867568327529332828e-02
1.868631847193569576e-02
1.867502843789587558e-02
5.877836918629438662e-02
