7.762210330215826848e-02
7.681923548371237531e-02
7.620483591636198484e-02
7.564943557959905029e-02
7.518103035073973872e-02
7.464217692020992667e-02
7.420731540214094146e-02
7.370325661451604393e-02
7.329801664209210921e-02
7.284951944681201941e-02
7.246027451784581297e-02
7.205345331355850202e-02
7.167741342390568371e-02
7.129932023547939923e-02
7.093729500161494173e-02
7.057893431624862046e-02
7.023042642881403841e-02
6.988741241630484768e-02
6.955126262871373644e-02
6.922053308908374114e-02
6.889526499350193123e-02
6.857493389540468554e-02
6.825947926460707027e-02
6.794829451753182925e-02
6.764114148284923467e-02
6.733775949833370467e-02
6.703793064985517913e-02
6.674144786605269719e-02
6.644812467516839072e-02
6.615778823730557312e-02
6.587027963549350884e-02
6.558545161069812002e-02
6.530316760744638016e-02
6.502330055329882952e-02
6.474582347391853732e-02
6.447062861890363872e-02
6.419753095116874364e-02
6.392641520606873184e-02
6.365719647973751283e-02
6.338978597944788795e-02
6.312410309305115097e-02
6.286007034461214837e-02
6.259761474538166892e-02
6.233666683259225100e-02
6.207716060842417838e-02
6.181903318631053190e-02
6.156222458103349088e-02
6.130667747682953111e-02
6.105233703137029344e-02
6.079915069111226089e-02
6.054706802429558887e-02
6.029608202021297103e-02
6.004617624869346831e-02
5.979723622719973486e-02
5.954921793262420160e-02
5.930207982224220548e-02
5.905578132236766892e-02
5.881028328138308142e-02
5.856554766075872109e-02
5.832153754008280455e-02
5.807821700254088559e-02
5.783555107638460591e-02
5.759350565941615679e-02
5.735276791745069769e-02
5.711445466884038091e-02
5.687850943524063591e-02
5.664487782639676672e-02
5.641350752243818462e-02
5.618434812868994266e-02
5.595735109479957337e-02
5.573246961583128156e-02
5.550965854921351139e-02
5.528887433292039438e-02
5.507007491021054246e-02
5.485321965825969842e-02
5.463829228120250375e-02
5.442475549940662544e-02
5.421305966001095655e-02
5.400317016021468491e-02
5.379505189802624709e-02
5.358867148675063724e-02
5.338399635722847203e-02
5.318099502914606230e-02
5.297963695203118661e-02
5.277989250754308581e-02
5.258173295593951413e-02
5.238513040554382966e-02
5.219005777646974764e-02
5.199648876876198506e-02
5.180439783137157084e-02
5.161376013282646669e-02
5.142455153331196294e-02
5.123674855820323920e-02
5.105032837278854901e-02
5.086526875815322590e-02
5.068154808842102038e-02
5.049914530879426322e-02
5.031803991476924837e-02
5.013821193228737427e-02
4.995964189877433875e-02
4.978231084496672482e-02
4.960620027771345253e-02
4.943129216327853820e-02
4.925756891167586138e-02
4.908501336146599281e-02
4.891360876521536755e-02
4.874333877570213858e-02
4.857418743258826166e-02
4.840613914973165843e-02
4.823918356903427601e-02
4.807330962938184682e-02
4.790850260057701732e-02
4.774474808586424285e-02
4.758203201154842521e-02
4.742034344663657863e-02
4.725951985030957259e-02
4.709970275412404123e-02
4.694087618995008981e-02
4.678302834476704558e-02
4.662614651798371174e-02
4.647021861607976423e-02
4.631523269771625068e-02
4.616117709889393239e-02
4.600804038648421274e-02
4.585581136278658876e-02
4.570447905550252543e-02
4.555403271216711819e-02
4.540446179366880441e-02
4.525575596823947638e-02
4.510790510573795681e-02
4.496089927189356183e-02
4.481472872301190541e-02
4.466938390064328218e-02
4.452485542659638529e-02
4.438113409797092568e-02
4.423821088253278300e-02
4.409607691403544250e-02
4.395472348787094613e-02
4.381414205676965185e-02
4.367432422668632991e-02
4.353526175270706206e-02
4.339694653530412616e-02
4.325937061647194132e-02
4.312252617609300953e-02
4.298640552851375196e-02
4.285100111897922892e-02
4.271630552045969920e-02
4.258231143030635074e-02
4.244901166723532432e-02
4.231639916825898073e-02
4.218446698577562465e-02
4.205320828468582517e-02
4.192261633964767392e-02
4.179268453239144004e-02
4.166340634913770491e-02
4.153477537797672925e-02
4.140678530654512413e-02
4.127942991947298329e-02
4.115270309621522210e-02
4.102659880862732922e-02
4.090111111890355755e-02
4.077623417737867573e-02
4.065196222040909357e-02
4.052828956839620023e-02
4.040521062379361095e-02
4.028271986919734066e-02
4.016081186543426357e-02
4.003948124977832479e-02
3.991872273412246097e-02
3.979853110335268562e-02
3.967890121348568305e-02
3.955982799018376017e-02
3.944130642706245027e-02
3.932333158411297630e-02
3.920589858623008822e-02
3.908900262167475104e-02
3.897263894061607503e-02
3.885680285370569920e-02
3.874148973071719904e-02
3.862669499914286181e-02
3.851241414289607867e-02
3.839864270097377574e-02
3.828538025663700411e-02
3.817262378341239326e-02
3.806036890831487191e-02
3.794860882241161970e-02
3.783752895711076786e-02
3.772693781489305787e-02
3.761682732589601702e-02
3.750719477909851551e-02
3.739803565546390152e-02
3.728934613018724392e-02
3.718112219179893485e-02
3.707335995237827364e-02
3.696605553576792769e-02
3.685920511628175411e-02
3.675280490343797030e-02
3.664685114620177403e-02
3.654134013017228816e-02
3.643626817737345702e-02
3.633163164507298426e-02
3.622742692504922479e-02
3.612365044264329028e-02
3.602029865590121449e-02
3.591736805484648659e-02
3.581485516053736079e-02
3.571275652427391423e-02
3.561106872686180952e-02
3.550978837775073393e-02
3.540891211430379631e-02
3.530843660102549186e-02
3.520835852875872640e-02
3.510867461399581196e-02
3.500938159812477801e-02
3.491047624666013260e-02
3.481195534859615054e-02
3.471381571559114393e-02
3.461605418140890900e-02
3.451866760104139314e-02
3.442165285019526538e-02
3.432500682447865714e-02
3.422872643876450488e-02
3.413280862653563646e-02
3.403725033922901100e-02
3.394204854549375677e-02
3.384720023065746625e-02
3.375270239596064870e-02
3.365855205797337046e-02
3.356474624792551986e-02
3.347128201107762296e-02
3.337815640605567430e-02
3.328536650428860072e-02
3.319290938928797646e-02
3.310078215603780294e-02
3.300898191041988505e-02
3.291750576854397120e-02
3.282635085608379133e-02
3.273551430773328358e-02
3.264499326653533262e-02
3.255478488324254488e-02
3.246488631574711431e-02
3.237529472837191724e-02
3.228600729132570513e-02
3.219702118002384927e-02
3.210833357451649273e-02
3.201994165874739312e-02
3.193184262004862550e-02
3.184403364841784795e-02
3.175651193592094607e-02
3.166927467605173269e-02
3.158231906306018660e-02
3.149564229131806420e-02
3.140924155463897111e-02
3.132311404572722668e-02
3.123725695532716257e-02
3.115166747174736434e-02
3.106634278010979994e-02
3.098128006157549810e-02
3.089647649284456635e-02
3.081192924532760377e-02
3.072763548449024620e-02
3.064359236914170753e-02
3.055979705076300457e-02
3.047624667264054593e-02
3.039293836937430326e-02
3.030986926587639005e-02
3.022703647685323278e-02
3.014443710583973590e-02
3.006206824460024019e-02
2.997992697222509953e-02
2.989801035442301441e-02
2.981631544265145664e-02
2.973483927338535504e-02
2.965357886711213545e-02
2.957253122776284590e-02
2.949169334160017114e-02
2.941107440337912757e-02
2.933131606999667823e-02
2.925240153424802508e-02
2.917431514176010640e-02
2.909704110956776862e-02
2.902056449726662241e-02
2.894487042931029319e-02
2.886994466663901290e-02
2.879577314627880871e-02
2.872234230738595143e-02
2.864963882336648421e-02
2.857764978167461750e-02
2.850636252991038677e-02
2.843576477079882980e-02
2.836584447379445623e-02
2.829658992277337901e-02
2.822798966441485147e-02
2.816003253000943368e-02
2.809270760432026198e-02
2.802600423358776738e-02
2.795991200582521527e-02
2.789442075154729625e-02
2.782952053056734695e-02
2.776520162905869726e-02
2.770145454999714194e-02
2.763827000836223402e-02
2.757563892396178162e-02
2.751355241589075601e-02
2.745200179649977604e-02
2.739097856602402958e-02
2.733047440693823354e-02
2.727048117911680739e-02
2.721099091471107165e-02
2.715199581318234606e-02
2.709348823705273399e-02
2.703546070710761279e-02
2.697790589825505361e-02
2.692081663538917896e-02
2.686418270386218068e-02
2.680797121372405917e-02
2.675218659441033417e-02
2.669685230414170496e-02
2.664194254929607222e-02
2.658746331608652369e-02
2.653340051097264826e-02
2.647975301057444580e-02
2.642651166891798326e-02
2.637367259498739000e-02
2.632122877724327528e-02
2.626917534074111119e-02
2.621750625155913617e-02
2.616621636848054724e-02
2.611530016345378624e-02
2.606475251016739103e-02
2.601456819346848956e-02
2.596474220738166638e-02
2.591526956868072176e-02
2.586614542753543772e-02
2.581736499638320401e-02
2.576892359013003425e-02
2.572081659834203962e-02
2.567303949912550648e-02
2.562558784767038356e-02
2.557845728026475474e-02
2.553164350900772803e-02
2.548516550392381647e-02
2.543902073591307322e-02
2.539320426847545623e-02
2.534771126199724875e-02
2.530253697492989076e-02
2.525767675906002291e-02
2.521312605851010885e-02
2.516888040652211223e-02
2.512493542374511987e-02
2.508128681570417212e-02
2.503793037092250096e-02
2.499486195873514352e-02
2.495207752735876389e-02
2.490957310194544944e-02
2.486734478274516685e-02
2.482538874330059847e-02
2.478370122862503383e-02
2.474227855362201578e-02
2.470111710128853125e-02
2.466021332130682170e-02
2.461956372825083519e-02
2.457916490033459564e-02
2.453901347772590932e-02
2.449910616125264284e-02
2.445943971100202063e-02
2.442001094496049421e-02
2.438081673770026159e-02
2.434185401914699606e-02
2.430311977327954953e-02
2.426461103706830866e-02
2.422632489913287626e-02
2.418825849876287196e-02
2.415040902469197878e-02
2.411277371412900300e-02
2.407534985166460278e-02
2.403813476825389372e-02
2.400112584021061105e-02
2.396432048832140491e-02
2.392771617680649818e-02
2.389131041245459025e-02
2.385510074380141343e-02
2.381908476009205605e-02
2.378326009063124261e-02
2.374762440382277920e-02
2.371217540641163898e-02
2.367691084272187385e-02
2.364182849385838142e-02
2.360692617701294280e-02
2.357220174468716012e-02
2.353765308398091116e-02
2.350327811597252917e-02
2.346907479497869695e-02
2.343504110790417885e-02
2.340117507364787922e-02
2.336747474242728204e-02
2.333393819515525505e-02
2.330056354295070506e-02
2.326734892640221902e-02
2.323429251511686597e-02
2.320139250709606429e-02
2.316864712825793607e-02
2.313605463184276526e-02
2.310361329793980678e-02
2.307132143291975440e-02
2.303917736904591979e-02
2.300717946389334301e-02
2.297532609990025551e-02
2.294361568395887618e-02
2.291204664689861642e-02
2.288061744306078837e-02
2.284932654988013415e-02
2.281817246746965788e-02
2.278715371816674232e-02
2.275626884619993268e-02
2.272551641719570623e-02
2.269489501789176411e-02
2.266440325569598485e-02
2.263403975832644147e-02
2.260380317345270576e-02
2.257369216838275502e-02
2.254370542959404505e-02
2.251384166258001834e-02
2.248409959132008362e-02
2.245447795810125505e-02
2.242497552313152051e-02
2.239559106422301521e-02
2.236632337652931860e-02
2.233717127219071383e-02
2.230813358007052369e-02
2.227920914549345183e-02
2.225039682990471307e-02
2.222169551062963544e-02
2.219310408059415110e-02
2.216462144808718782e-02
2.213624653643845794e-02
2.210797828381501351e-02
2.207981564296231450e-02
2.205175758094584521e-02
2.202380307892373365e-02
2.199595113190088574e-02
2.196820074850291613e-02
2.194055095075754871e-02
2.191300077383977890e-02
2.188554926591827071e-02
2.185819548786429450e-02
2.183093851311670303e-02
2.180377742740017763e-02
2.177671132858913922e-02
2.174973932648636976e-02
2.172286054261009583e-02
2.169607411003667691e-02
2.166937917318141962e-02
2.164277488763923299e-02
2.161626042001144749e-02
2.158983494768664663e-02
2.156349765870569854e-02
2.153724775158362068e-02
2.151108443514349738e-02
2.148500692833064246e-02
2.145901446010953922e-02
2.143310626920610223e-02
2.140728160406559985e-02
2.138153972261651325e-02
2.135587989217565055e-02
2.133030138923817237e-02
2.130480349941381649e-02
2.127938551722450070e-02
2.125404674597563062e-02
2.122878649764491435e-02
2.120360409270894211e-02
2.117849886007410268e-02
2.115347013684272179e-02
2.112851726831628529e-02
2.110363960774698511e-02
2.107883651630704583e-02
2.105410736290733165e-02
2.102945152412604227e-02
2.100486838406199000e-02
2.098035733420608451e-02
2.095591777337622169e-02
2.093154910755924691e-02
2.090725074984235016e-02
2.088302212025865481e-02
2.085886264575936844e-02
2.083477176000050890e-02
2.081074890333866820e-02
2.078679352268031702e-02
2.076290507140467548e-02
2.073908300924002385e-02
2.071532680224037054e-02
2.069163592256926046e-02
2.066800984852560849e-02
2.064444806439202224e-02
2.062095006037365647e-02
2.059751533247918334e-02
2.057414338245075122e-02
2.055083371769611186e-02
2.052758585120329979e-02
2.050439930140478609e-02
2.048127359218431670e-02
2.045820825273021032e-02
2.043520281748565162e-02
2.041225682606441494e-02
2.038936982316406910e-02
2.036654135854195150e-02
2.034377098687303528e-02
2.032105826770930213e-02
2.029840276544811820e-02
2.027580404917892973e-02
2.025326169269222459e-02
2.023077527437592421e-02
2.020834437714849260e-02
2.018596858839025524e-02
2.016364749991674324e-02
2.014138070785477866e-02
2.011916781265260176e-02
2.009700841892907847e-02
2.007490213550850236e-02
2.005284857530513498e-02
2.003084735525716836e-02
2.000889809630365321e-02
1.998700042331660875e-02
1.996515396502875767e-02
1.994335835400562126e-02
1.992161322655010280e-02
1.989991822270874636e-02
1.987827298616467661e-02
1.985667716421697301e-02
1.983513040773427979e-02
1.981363237106037456e-02
1.979218271199813944e-02
1.977078109180127261e-02
1.974942717503218662e-02
1.972812062960879395e-02
1.970686112667519724e-02
1.968564834063541574e-02
1.966448194904526006e-02
1.964336163259354853e-02
1.962228707506517844e-02
1.960125796328294340e-02
1.958027398708908975e-02
1.955933483925767491e-02
1.953844021550171783e-02
1.951758981440826490e-02
1.949678333740800101e-02
1.947602048871652225e-02
1.945530097533177544e-02
1.943462450694515356e-02
1.941399079595670235e-02
1.939339955739742896e-02
1.937285050891971241e-02
1.935234337074501557e-02
1.933187786561726268e-02
1.931145371882822190e-02
1.929107065808274152e-02
1.927072841355012903e-02
1.925042671779849876e-02
1.923016530575474836e-02
1.920994391468638582e-02
1.918976228415387314e-02
1.916962015601171229e-02
1.914951727431297990e-02
1.912945338534746686e-02
1.910942823757362866e-02
1.908944158158732904e-02
1.906949317011990067e-02
1.904958275797396031e-02
1.902971010201462421e-02
1.900987496113917818e-02
1.899007709624263643e-02
1.897031627018200967e-02
1.895059224780482401e-02
1.893090479580085070e-02
1.891125368281894661e-02
1.889163867934598104e-02
1.887205955770578092e-02
1.885251609204955173e-02
1.883300805829556460e-02
1.881353523412926387e-02
1.879409739899937787e-02
1.877469433403098145e-02
1.875532582206344487e-02
1.873599164759079741e-02
1.871669159674711411e-02
1.869742545729939989e-02
1.867819301857834985e-02
1.865899786774978183e-02
1.863984206078142872e-02
1.862072538844205746e-02
1.860164764297610532e-02
1.858260861803081448e-02
1.856360810866912112e-02
1.854464591136007964e-02
1.852571961006753073e-02
1.850681581201231787e-02
1.848794681294297845e-02
1.846911735971323854e-02
1.845032401379374798e-02
1.843156870735739028e-02
1.841284984484327369e-02
1.839416815683671269e-02
1.837552283977560846e-02
1.835691410767608181e-02
1.833834150128623927e-02
1.831980501113419924e-02
1.830130432972465471e-02
1.828283935069023244e-02
1.826440983471764798e-02
1.824601563359844539e-02
1.822765653959005500e-02
1.820933238692457740e-02
1.819104298313731563e-02
1.817278815558961286e-02
1.815456771984010759e-02
1.813638150117045933e-02
1.811822931983218463e-02
1.810011100113160035e-02
1.808202636848276271e-02
1.806397524813403710e-02
1.804595746593928157e-02
1.802797284948363943e-02
1.801002122664138380e-02
1.799210242655944342e-02
1.797421627887797399e-02
1.795636261431544922e-02
1.793854126418352110e-02
1.792075206076632760e-02
1.790299483696701152e-02
1.788526942653888285e-02
1.786757566392168511e-02
1.784991338431539398e-02
1.783228242359758894e-02
1.781468261838423800e-02
1.779711380594119208e-02
1.777957582420447089e-02
1.776206851177382709e-02
1.774459170787581752e-02
1.772714525237269884e-02
1.770972898574619050e-02
1.769234274901817366e-02
1.767498638388256132e-02
1.765765973251194956e-02
1.764036263769783175e-02
1.762309494273675559e-02
1.760585649147036053e-02
1.758864712824494136e-02
1.757146669790062357e-02
1.755431504578613272e-02
1.753719201769930042e-02
1.752009745990802322e-02
1.750303121911462451e-02
1.748599314248318673e-02
1.746898307756596103e-02
1.745200087232609207e-02
1.743504637513707337e-02
1.741811943475011712e-02
1.740121990024188700e-02
1.738434762111213880e-02
1.736750244713858651e-02
1.735068422846178932e-02
1.733389281553289474e-02
1.731712805909992048e-02
1.730038981017016642e-02
1.728367792008949494e-02
1.726699224039948341e-02
1.725033262294762768e-02
1.723369891977661467e-02
1.721709098317584716e-02
1.720050866563150802e-02
1.718395181983400910e-02
1.716742029865594293e-02
1.715091395515008429e-02
1.713443264252065279e-02
1.711797621410564296e-02
1.710154452339403622e-02
1.708513742398184640e-02
1.706875476957982890e-02
1.705239641399176539e-02
1.703606221109215182e-02
1.701975201482905029e-02
1.700346567919833879e-02
1.698720305825063975e-02
1.697096400603538557e-02
1.695474837665037968e-02
1.693855602415380093e-02
1.692238680263260034e-02
1.690624056611355827e-02
1.689011716860874465e-02
1.687401646404433284e-02
1.685793830629634879e-02
1.684188254917248773e-02
1.682584904635705050e-02
1.680983765145043982e-02
1.679384821790851773e-02
1.677788059905461343e-02
1.676193464806202335e-02
1.674601021794799513e-02
1.673010716151643665e-02
1.671422533142134098e-02
1.669836458006887514e-02
1.668252475965933956e-02
1.666670572213136206e-02
1.665090731920719144e-02
1.663512940230072942e-02
1.661937182255585066e-02
1.660363443082248439e-02
1.658791707762296078e-02
1.657221961316395278e-02
1.655654188727617021e-02
1.654088374946481935e-02
1.652524504880418035e-02
1.650962563404235681e-02
1.649402535344896004e-02
1.647844405490017997e-02
1.646288158581129396e-02
1.644733779315251179e-02
1.643181252339864437e-02
1.641630562253837758e-02
1.640081693603177501e-02
1.638534630882480456e-02
1.636989358528896307e-02
1.635445860927303013e-02
1.633904122397240519e-02
1.632364127204342236e-02
1.630825859546889550e-02
1.629289303562544630e-02
1.627754443319266373e-02
1.626221262820119751e-02
1.624689745996224510e-02
1.623159876707601715e-02
1.621631638737027620e-02
1.620105015795760689e-02
1.618579991513578731e-02
1.617056549441136387e-02
1.615534673043205263e-02
1.614014345707057499e-02
1.612495550724019761e-02
1.610978271304199655e-02
1.609462490559169026e-02
1.607948191512878142e-02
1.606435357088434324e-02
1.604923970114563447e-02
1.603414013312909683e-02
1.601905469309704635e-02
1.600398320617357761e-02
1.598892549647639230e-02
1.597388138691714296e-02
1.595885069938609777e-02
1.594383325449894723e-02
1.592882887177411028e-02
1.591383736942385968e-02
1.589885856451306312e-02
1.588389227273262483e-02
1.586893830855381007e-02
1.585399648505100151e-02
1.583906661397934887e-02
1.582414850569825726e-02
1.580924196910081167e-02
1.579434681169222809e-02
1.577946283939411082e-02
1.576458985676267022e-02
1.574972766654152145e-02
1.573487607029286361e-02
1.572003486735822075e-02
1.570520385627675874e-02
1.569038283267223249e-02
1.567557159215897389e-02
1.566076992620136360e-02
1.564597762772443335e-02
1.563119448334238798e-02
1.561642028389667765e-02
1.560165480992815011e-02
1.558689785149546328e-02
1.557214918088150463e-02
1.555740859002564119e-02
1.554267583883116484e-02
1.552795072645986665e-02
1.551323299245625613e-02
1.549852245413106157e-02
1.548381881464771202e-02
1.546912193189246311e-02
1.545443143998857100e-02
1.543974728411998641e-02
1.542506896103172653e-02
1.541039660236812915e-02
1.539572942161289600e-02
1.538106795138369232e-02
1.536641080356900176e-02
1.535175938538208863e-02
1.533711099742069393e-02
1.532246898973090542e-02
1.530782773417008018e-02
1.529319498689843577e-02
1.527855842094329175e-02
1.526393601029483148e-02
1.524929973907262343e-02
1.523469183913682759e-02
1.522004667246379742e-02
1.520546549488033250e-02
1.519079033858915240e-02
1.517626983912828513e-02
1.516174623804514461e-02
1.514737627618793769e-02
1.513365667243086847e-02
1.511962505567249898e-02
1.510721182294038310e-02
1.509374477712419581e-02
1.508268410495982800e-02
1.506975600640859426e-02
1.505970102243964909e-02
1.504691562673216715e-02
1.503709501059631061e-02
1.502434158109854610e-02
1.501455355768466400e-02
1.500186777083043106e-02
1.499217219325183273e-02
1.497954169813621103e-02
1.496991805829260731e-02
1.495734673641906619e-02
1.494780054948095620e-02
1.493528678089251806e-02
1.492581515128019003e-02
1.491335921414175050e-02
1.490396200718863140e-02
1.489156353012969884e-02
1.488223970028525536e-02
1.486989854785577235e-02
1.486064735677989496e-02
1.484836331859189576e-02
1.483918392693714741e-02
1.482695682779794182e-02
1.481784843341473444e-02
1.480567809386206489e-02
1.479663988461222060e-02
1.478452613510855378e-02
1.477555730518810388e-02
1.476349998090303525e-02
1.475459972525655465e-02
1.474259866791153943e-02
1.473376618420634866e-02
1.472182124131237412e-02
1.471305572933669960e-02
1.470116675442039410e-02
1.469246741635419663e-02
1.468063426883711720e-02
1.467200030924813853e-02
1.466022285435575334e-02
1.465165348025458322e-02
1.463993158899437597e-02
1.463142600989857968e-02
1.461975955900921866e-02
1.461131698702298164e-02
1.459970585886311532e-02
1.459132550872615369e-02
1.457976959127185723e-02
1.457145068045132691e-02
1.455994986715195179e-02
1.455169161587283391e-02
1.454024580565635785e-02
1.453204743700015761e-02
1.452065653413438240e-02
1.451251727410037516e-02
1.450118118816659356e-02
1.449310026577724057e-02
1.448181891156539655e-02
1.447379555890477773e-02
1.446256885633602843e-02
1.445460230864630685e-02
1.444343018269460092e-02
1.443551967847700630e-02
1.442440205903554144e-02
1.441654684009466281e-02
1.440548366197196874e-02
1.439768297353244929e-02
1.438667417630390757e-02
1.437892726707676490e-02
1.436797279497431523e-02
1.436027891723688776e-02
1.434937871913924239e-02
1.434173712885179752e-02
1.433089115805937473e-02
1.432330111491996773e-02
1.431250932916773577e-02
1.430497009673518428e-02
1.429423245799860652e-02
1.428674330373814333e-02
1.427605977821229562e-02
1.426861997363986813e-02
1.425799053154808843e-02
1.425059935226410598e-02
1.424002396781229134e-02
1.423268069365212461e-02
1.422215934486972116e-02
1.421486325993268247e-02
1.420439592859598643e-02
1.419714632138936034e-02
1.418673299285888416e-02
1.417952915635618816e-02
1.416916981953587201e-02
1.416201105129206994e-02
1.415170569841237187e-02
1.414459130062552077e-02
1.413433686133404657e-02
1.412725951431465996e-02
1.411705593712586117e-02
1.411002190940966773e-02
1.409987171570956273e-02
1.409287997929136588e-02
1.408278414294527291e-02
1.407583415878938503e-02
1.406579225592464663e-02
1.405888329276108913e-02
1.404889552066473056e-02
1.404202693265535658e-02
1.403209321785880634e-02
1.402526433191631471e-02
1.401538472423551410e-02
1.400859488577252399e-02
1.399876938382249233e-02
1.399201793841818586e-02
1.398224656663499786e-02
1.397553286752120649e-02
1.396581564189909065e-02
1.395913904708282610e-02
1.394947599008119175e-02
1.394283586362916535e-02
1.393322699740639006e-02
1.392662270903262910e-02
1.391706805822235347e-02
1.391049898357205224e-02
1.390099857387787873e-02
1.389446409452470277e-02
1.388501795314632352e-02
1.387851745671005166e-02
1.386912561187353919e-02
1.386265849207496230e-02
1.385332097311886557e-02
1.384688662988651890e-02
1.383760346697437624e-02
1.383120130647064183e-02
1.382197253053174708e-02
1.381560196527778159e-02
1.380642760780624589e-02
1.380008805670086304e-02
1.379096814968107376e-02
1.378465903810624851e-02
1.377559361376662003e-02
1.376931437363882252e-02
1.376030346445578263e-02
1.375405353429142059e-02
1.374509717267197347e-02
1.373887599766191424e-02
1.372997421599815235e-02
1.372378124803512456e-02
1.371493407836001446e-02
1.370876877614068783e-02
1.369997625015737831e-02
1.369383807921325906e-02
1.368510022803787370e-02
1.367898866079315934e-02
1.367030551491513375e-02
1.366422003071679145e-02
1.365559161977346857e-02
1.364953170499699255e-02
1.364095805770391620e-02
1.363492320573024032e-02
1.362640434968509853e-02
1.362039406101422760e-02
1.361193002263646860e-02
1.360594380486392953e-02
1.359753460918156423e-02
1.359157197710805960e-02
1.358321764768062774e-02
1.357727812327397775e-02
1.356897868206277322e-02
1.356306179456852161e-02
1.355481726176530066e-02
1.354892254768267149e-02
1.354073294161146912e-02
1.353485994476033571e-02
1.352672528176489253e-02
1.352087355330207873e-02
1.351279384760681497e-02
1.350696294603168958e-02
1.349893820959458327e-02
1.349312770081577059e-02
1.348515794327049058e-02
1.347936740060122832e-02
1.347145262906757068e-02
1.346568163323375381e-02
1.345782185224564040e-02
1.345206999143889331e-02
1.344426520283740177e-02
1.343853207268847633e-02
1.343078227546239470e-02
1.342506747909785227e-02
1.341737266930186079e-02
1.341167581732268660e-02
1.340403598800059617e-02
7.452835245018091248e-01
