3.567662682648249373e-01
2.993444300244618717e-01
2.583856249826570473e-01
2.259027961585983457e-01
1.990815535126901625e-01
1.765135702576669519e-01
1.573582034138565899e-01
1.410597158043358224e-01
1.272207013363253203e-01
1.155426655553331711e-01
1.057892352885632242e-01
9.775989186741559922e-02
9.127572752738492834e-02
8.616540663030154701e-02
8.225516709041588714e-02
7.934036408145241082e-02
7.716038583172839249e-02
7.538020090529594375e-02
7.359552564768256921e-02
7.155219842556238830e-02
6.939172186442414680e-02
6.729421040863554915e-02
6.527241871865625822e-02
6.332144406502844547e-02
6.143749063156617868e-02
5.961706936779360283e-02
5.785699641118369901e-02
5.615435324430247815e-02
5.450645568200390007e-02
5.291097999239637029e-02
5.136533251966499819e-02
4.986853154821929007e-02
4.841737468481086687e-02
4.701024002819240155e-02
4.564536339681756622e-02
4.432114238004715434e-02
4.303606282165792912e-02
4.178870404400181898e-02
4.057772772804973949e-02
3.940187185723542651e-02
3.825994429748409698e-02
3.715081733646790479e-02
3.607342269132220169e-02
3.502674704199140038e-02
3.400982798820528785e-02
3.302175039418667885e-02
3.206164307059860413e-02
3.112867575834611655e-02
3.022205637947831050e-02
2.934102852709796760e-02
2.848486916827410245e-02
2.765288653844032163e-02
2.684441820714627419e-02
2.605882929834863609e-02
2.529551085001477753e-02
2.455387829932478491e-02
2.383337008179141694e-02
2.313344633350553070e-02
2.245358768682924680e-02
2.179329415143860249e-02
2.115208407246175343e-02
2.052949315939268590e-02
1.992507357901649942e-02
1.933839310730454258e-02
1.876903433422883599e-02
1.821659391798944455e-02
1.768068188294684775e-02
1.716092095877012544e-02
1.665698663415304814e-02
1.616858625272081171e-02
1.569537394218954371e-02
1.523701419669949535e-02
1.479318144158009093e-02
1.436455120454702486e-02
1.395199153999447834e-02
1.355506344930892948e-02
1.317333903807325034e-02
1.280640444703952212e-02
1.245385209255563813e-02
1.211529450412037953e-02
1.179033308397230834e-02
1.147862489055135465e-02
1.117972816243304780e-02
1.089347272825374330e-02
1.061848858514241947e-02
1.035608909233623649e-02
1.010333089714479486e-02
9.868210090816351490e-03
9.679093457953997365e-03
9.531497813620011528e-03
9.420480948465478205e-03
9.303502769866914962e-03
9.184952203935047368e-03
9.056889368402192692e-03
8.958902956130557899e-03
8.880031079596619262e-03
8.756513373720058863e-03
8.630164687453548145e-03
8.555512144261900528e-03
8.540853054560065827e-03
8.385662603361288339e-03
