5.621436825673171295e-02
5.568107990337986535e-02
5.537092089831914532e-02
5.525346353445285963e-02
5.509978917818123684e-02
5.449958118115690031e-02
5.399592570715606304e-02
5.355300585199592595e-02
5.211029663580113436e-02
5.133851513489186974e-02
4.991179965324723383e-02
4.889129852071235488e-02
4.792950108216934707e-02
4.727694941286235408e-02
4.594898319248260504e-02
4.456305307186546327e-02
4.344082239411223290e-02
4.237294577435851695e-02
4.112256902082944005e-02
3.997170281562567595e-02
3.874623945422828175e-02
3.760835897758779689e-02
3.646202484076534189e-02
3.542815485939480868e-02
3.433657715518331072e-02
3.332570769502077312e-02
3.231327421353362428e-02
3.139328562958901975e-02
3.050323775530999065e-02
2.959761530138583716e-02
2.879300250299433525e-02
2.797413941561774017e-02
2.729435301063408426e-02
2.859146841485261936e-02
2.595650559998247120e-02
2.686859067437151471e-02
2.625259958643366698e-02
2.572404247211354869e-02
2.531715390086716755e-02
2.493364640609429389e-02
2.457440607709559383e-02
2.590820959472361212e-02
3.204711380268786963e-02
2.696496393132660763e-02
2.325022363798201486e-02
2.446286872933776946e-02
2.313506141939049646e-02
2.327926406039081478e-02
2.208558437422911483e-02
2.276328290939427443e-02
2.347623535507750714e-02
2.280159912601861794e-02
2.246271745136728046e-02
2.259830464173453665e-02
2.159794839411513512e-02
2.070862810751260968e-02
2.026171319527032139e-02
2.391718495026126309e-02
2.058103209808355427e-02
2.223152300403380063e-02
2.234897862080717501e-02
2.035377509477033151e-02
2.266454870240315264e-02
2.000042515886296668e-02
2.078623549008395618e-02
1.997732222184045447e-02
2.059436602439708094e-02
2.031247462002130910e-02
2.238690679599822375e-02
2.224387610905078153e-02
2.165296692921395497e-02
2.167817829184939468e-02
2.101772238124162417e-02
2.206633697167144706e-02
2.054553557007588599e-02
1.995890554337512168e-02
2.048897903714379243e-02
2.205957147883088471e-02
2.013409052510302388e-02
2.306116193885434512e-02
1.974060374978120133e-02
2.030219269144649744e-02
2.019992088985729864e-02
2.018531649480408141e-02
2.127394367703802289e-02
1.940139155106638397e-02
2.193346896925832401e-02
1.930035365878132042e-02
1.988287705805098435e-02
1.978427649765198554e-02
1.952752365671092324e-02
2.005228577287894443e-02
1.937002664563949525e-02
1.905442504019265459e-02
2.145666573027507282e-02
1.895202895386700545e-02
2.059147019113742941e-02
1.952173205037085676e-02
1.931634528599691925e-02
1.909428118231525084e-02
1.885099300632516253e-02
1.905627128213529045e-02
2.045334995989053772e-02
1.895986970988244869e-02
1.878913375270383282e-02
2.050171626298439090e-02
1.852376286333110023e-02
1.877675546222232553e-02
1.848137424343880911e-02
2.064110810459163226e-02
1.882965442845842968e-02
1.845363375794153993e-02
2.000584779580101558e-02
1.857191423939790267e-02
1.857656969704847907e-02
1.890959704063062755e-02
1.886877776955682429e-02
1.953811077252082251e-02
1.871544354367500607e-02
1.932006906786460504e-02
1.843812935407954448e-02
2.032843864882693044e-02
1.831831667264360169e-02
1.911693878827906701e-02
1.852400484026689789e-02
1.850663270527887205e-02
1.827036134948979013e-02
1.863168896663818658e-02
1.830971085947207325e-02
1.814876094125266945e-02
1.891007407719207806e-02
1.830256457706769257e-02
1.807453819801590686e-02
1.801944415061309396e-02
1.873749697617048404e-02
1.813351132436857860e-02
1.801343955888184967e-02
1.873830067910516040e-02
1.840702654710799080e-02
1.811116349325464503e-02
1.855400751236484583e-02
1.839739851493516279e-02
1.827498547173778826e-02
1.813961733071673896e-02
2.039650406589225279e-02
1.967337919927156925e-02
1.842597560316880725e-02
1.832575323745579479e-02
1.853325464364453945e-02
1.839208995825073953e-02
1.996439980275597006e-02
1.857427619210411801e-02
1.902736042016069107e-02
1.901379938522188007e-02
1.874997874023858618e-02
1.859316721608483824e-02
1.837805155574923771e-02
1.838889110919201750e-02
1.840862049419958804e-02
1.849576067579944069e-02
1.830982459563399237e-02
1.895951818435440833e-02
1.848853168097053593e-02
1.923859476198547247e-02
1.805445489114516563e-02
1.915460177025488792e-02
1.839471568241541483e-02
1.803825275119474297e-02
1.971718150330933200e-02
1.798679556726540466e-02
1.879063186382693221e-02
1.802146049229274780e-02
1.922298858493353205e-02
1.782263540157468309e-02
1.782373853829520918e-02
1.784883464140088472e-02
1.774402752937822431e-02
1.870487617159505636e-02
1.827965682147114981e-02
1.775520034968958855e-02
1.989405565489979141e-02
1.810047818168342496e-02
1.900239336993599440e-02
1.774822657587227931e-02
1.965691317313597239e-02
1.915950131526859834e-02
1.810670137919322825e-02
1.803980335561169296e-02
1.807611536752335574e-02
1.816486083010899338e-02
1.836486368320738166e-02
1.809772185960668162e-02
1.846608636588601554e-02
1.829398189808319544e-02
1.928882513583913064e-02
1.819089816314596944e-02
2.003624566416036673e-02
1.806435104233680006e-02
1.817069404769871763e-02
1.896622450998046785e-02
1.858569294514102535e-02
