3.567662682647448347e-01
2.019087060614148943e-01
1.314569407806223389e-01
1.136903139209704539e-01
1.277511317937353730e-01
1.134548001903994408e-01
1.257814483289576291e-01
1.133489326348053883e-01
1.145121980959452612e-01
1.172176454809552293e-01
1.142373608386856726e-01
1.167742780318796608e-01
1.140411273995216718e-01
1.164341543406113427e-01
1.138923954346730133e-01
1.161617081484680181e-01
1.137745952393572207e-01
1.159363682045930211e-01
1.136780710759243418e-01
1.157453270015326996e-01
1.135968076622008022e-01
1.155801513301742134e-01
1.135268589819385943e-01
1.154350380953878263e-01
1.134655272752775057e-01
1.153058492913744959e-01
1.134109049293867133e-01
1.151895462385139624e-01
1.133616046224321383e-01
1.150838417891886650e-01
1.133165931514965724e-01
1.149869778955982386e-01
1.132750852056242929e-01
1.148975784996593280e-01
1.132364732545444869e-01
1.148145493937373640e-01
1.132002799792546643e-01
1.147370083267278268e-01
1.131661252093019571e-01
1.146642351383928837e-01
1.131337024499177585e-01
1.145956354850756337e-01
1.131027619004093682e-01
1.145307139925493961e-01
1.130730979599849501e-01
1.144690540757719449e-01
1.130445398949784935e-01
1.144103025564795206e-01
1.130169447713941372e-01
1.143541577886485472e-01
1.129901920359041856e-01
1.143003602746435338e-01
1.129641793134386757e-01
1.142486857931215155e-01
1.129388191142043779e-01
1.141989388961697632e-01
1.129140362282812088e-01
1.141509486707810855e-01
1.128897656462881649e-01
1.141045648256022865e-01
1.128659508860082039e-01
1.140596545866138373e-01
1.128425426954396960e-01
1.140161001431097415e-01
1.128194977050639425e-01
1.139737965341184600e-01
1.127967778781860664e-01
1.139326498852085284e-01
1.127743495162704807e-01
1.138925759320864317e-01
1.127521826929779453e-01
1.138534987762649109e-01
1.127302507301654322e-01
1.138153498312611811e-01
1.127085297573571926e-01
1.137780669256107935e-01
1.126869983395506064e-01
1.137415935361294761e-01
1.126656371614073171e-01
1.137058781296424737e-01
1.126444287580164322e-01
1.136708735953089328e-01
1.126233572844397984e-01
1.136365367535003557e-01
1.126024083177528251e-01
1.136028279290705462e-01
1.125815686861332682e-01
1.135697105795269030e-01
1.125608263210452487e-01
1.135371509695169284e-01
1.125401701287094824e-01
1.135051178855231019e-01
1.125195898780588094e-01
1.134735823845289954e-01
1.124990761027537672e-01
1.134425175722817147e-01
1.124786200151341869e-01
1.134118984067900016e-01
1.124582134305316533e-01
1.133817015240933396e-01
1.133817015240933396e-01
